2025-11-18 13:04:16 - __main__ - INFO - ==================================================
2025-11-18 13:04:16 - __main__ - INFO - Markdown Reader 启动
2025-11-18 13:04:16 - __main__ - INFO - 日志文件: f:\Project\MDTool\logs\markdown_reader_20251118.log
2025-11-18 13:04:16 - __main__ - INFO - 应用程序启动成功
2025-11-18 13:04:23 - __main__ - CRITICAL - 未捕获的异常
Traceback (most recent call last):
  File "f:\Project\MDTool\core\main_window.py", line 291, in _on_file_selected
    self._render_file(Path(file_path))
  File "f:\Project\MDTool\core\main_window.py", line 295, in _render_file
    self._ensure_web_view()
  File "f:\Project\MDTool\core\main_window.py", line 141, in _ensure_web_view
    self.splitter.removeWidget(self.placeholder)
    ^^^^^^^^^^^^^^^^^^^^^^^^^^
AttributeError: 'QSplitter' object has no attribute 'removeWidget'. Did you mean: 'replaceWidget'?
2025-11-18 13:04:24 - __main__ - CRITICAL - 未捕获的异常
Traceback (most recent call last):
  File "f:\Project\MDTool\core\main_window.py", line 291, in _on_file_selected
    self._render_file(Path(file_path))
  File "f:\Project\MDTool\core\main_window.py", line 295, in _render_file
    self._ensure_web_view()
  File "f:\Project\MDTool\core\main_window.py", line 141, in _ensure_web_view
    self.splitter.removeWidget(self.placeholder)
    ^^^^^^^^^^^^^^^^^^^^^^^^^^
AttributeError: 'QSplitter' object has no attribute 'removeWidget'. Did you mean: 'replaceWidget'?
2025-11-18 13:04:26 - __main__ - INFO - 应用程序退出，退出码: 0
2025-11-18 13:06:27 - __main__ - INFO - ==================================================
2025-11-18 13:06:27 - __main__ - INFO - Markdown Reader 启动
2025-11-18 13:06:27 - __main__ - INFO - 日志文件: f:\Project\MDTool\logs\markdown_reader_20251118.log
2025-11-18 13:06:28 - __main__ - INFO - 应用程序启动成功
2025-11-18 13:06:28 - core.windows_integration - DEBUG - Windows集成初始化失败: 'QWindow' object has no attribute 'isValid'
2025-11-18 13:06:33 - MARKDOWN - DEBUG - Successfully loaded extension "markdown.extensions.fenced_code.FencedCodeExtension".
2025-11-18 13:06:33 - MARKDOWN - DEBUG - Successfully loaded extension "markdown.extensions.tables.TableExtension".
2025-11-18 13:06:33 - MARKDOWN - DEBUG - Successfully loaded extension "markdown.extensions.toc.TocExtension".
2025-11-18 13:06:33 - MARKDOWN - DEBUG - Successfully loaded extension "markdown.extensions.codehilite.CodeHiliteExtension".
2025-11-18 13:06:33 - MARKDOWN - DEBUG - Successfully loaded extension "markdown.extensions.nl2br.Nl2BrExtension".
2025-11-18 13:06:33 - MARKDOWN - DEBUG - Successfully loaded extension "markdown.extensions.sane_lists.SaneListExtension".
2025-11-18 13:06:33 - MARKDOWN - DEBUG - Successfully loaded extension "markdown.extensions.attr_list.AttrListExtension".
2025-11-18 13:06:33 - MARKDOWN - DEBUG - Successfully loaded extension "markdown.extensions.def_list.DefListExtension".
2025-11-18 13:06:33 - MARKDOWN - DEBUG - Successfully loaded extension "markdown.extensions.footnotes.FootnoteExtension".
2025-11-18 13:06:33 - MARKDOWN - DEBUG - Successfully loaded extension "markdown.extensions.md_in_html.MarkdownInHtmlExtension".
2025-11-18 13:06:33 - MARKDOWN - DEBUG - Successfully loaded extension "markdown.extensions.fenced_code.FencedCodeExtension".
2025-11-18 13:06:33 - MARKDOWN - DEBUG - Successfully loaded extension "markdown.extensions.tables.TableExtension".
2025-11-18 13:06:33 - MARKDOWN - DEBUG - Successfully loaded extension "markdown.extensions.toc.TocExtension".
2025-11-18 13:06:33 - MARKDOWN - DEBUG - Successfully loaded extension "markdown.extensions.codehilite.CodeHiliteExtension".
2025-11-18 13:06:33 - MARKDOWN - DEBUG - Successfully loaded extension "markdown.extensions.nl2br.Nl2BrExtension".
2025-11-18 13:06:33 - MARKDOWN - DEBUG - Successfully loaded extension "markdown.extensions.sane_lists.SaneListExtension".
2025-11-18 13:06:33 - MARKDOWN - DEBUG - Successfully loaded extension "markdown.extensions.attr_list.AttrListExtension".
2025-11-18 13:06:33 - MARKDOWN - DEBUG - Successfully loaded extension "markdown.extensions.def_list.DefListExtension".
2025-11-18 13:06:33 - MARKDOWN - DEBUG - Successfully loaded extension "markdown.extensions.footnotes.FootnoteExtension".
2025-11-18 13:06:33 - MARKDOWN - DEBUG - Successfully loaded extension "markdown.extensions.md_in_html.MarkdownInHtmlExtension".
2025-11-18 13:06:38 - __main__ - INFO - 应用程序退出，退出码: 0
2025-11-18 13:14:45 - __main__ - INFO - ==================================================
2025-11-18 13:14:45 - __main__ - INFO - Markdown Reader 启动
2025-11-18 13:14:45 - __main__ - INFO - 日志文件: f:\Project\MDTool\logs\markdown_reader_20251118.log
2025-11-18 13:14:45 - MARKDOWN - DEBUG - Successfully loaded extension "markdown.extensions.fenced_code.FencedCodeExtension".
2025-11-18 13:14:45 - MARKDOWN - DEBUG - Successfully loaded extension "markdown.extensions.tables.TableExtension".
2025-11-18 13:14:45 - MARKDOWN - DEBUG - Successfully loaded extension "markdown.extensions.toc.TocExtension".
2025-11-18 13:14:45 - MARKDOWN - DEBUG - Successfully loaded extension "markdown.extensions.codehilite.CodeHiliteExtension".
2025-11-18 13:14:45 - MARKDOWN - DEBUG - Successfully loaded extension "markdown.extensions.nl2br.Nl2BrExtension".
2025-11-18 13:14:45 - MARKDOWN - DEBUG - Successfully loaded extension "markdown.extensions.sane_lists.SaneListExtension".
2025-11-18 13:14:45 - MARKDOWN - DEBUG - Successfully loaded extension "markdown.extensions.attr_list.AttrListExtension".
2025-11-18 13:14:45 - MARKDOWN - DEBUG - Successfully loaded extension "markdown.extensions.def_list.DefListExtension".
2025-11-18 13:14:45 - MARKDOWN - DEBUG - Successfully loaded extension "markdown.extensions.footnotes.FootnoteExtension".
2025-11-18 13:14:45 - MARKDOWN - DEBUG - Successfully loaded extension "markdown.extensions.md_in_html.MarkdownInHtmlExtension".
2025-11-18 13:14:46 - __main__ - INFO - 应用程序启动成功
2025-11-18 13:14:46 - core.windows_integration - DEBUG - Windows集成初始化失败: 'QWindow' object has no attribute 'isValid'
2025-11-18 13:14:56 - MARKDOWN - DEBUG - Successfully loaded extension "markdown.extensions.fenced_code.FencedCodeExtension".
2025-11-18 13:14:56 - MARKDOWN - DEBUG - Successfully loaded extension "markdown.extensions.tables.TableExtension".
2025-11-18 13:14:56 - MARKDOWN - DEBUG - Successfully loaded extension "markdown.extensions.toc.TocExtension".
2025-11-18 13:14:56 - MARKDOWN - DEBUG - Successfully loaded extension "markdown.extensions.codehilite.CodeHiliteExtension".
2025-11-18 13:14:56 - MARKDOWN - DEBUG - Successfully loaded extension "markdown.extensions.nl2br.Nl2BrExtension".
2025-11-18 13:14:56 - MARKDOWN - DEBUG - Successfully loaded extension "markdown.extensions.sane_lists.SaneListExtension".
2025-11-18 13:14:56 - MARKDOWN - DEBUG - Successfully loaded extension "markdown.extensions.attr_list.AttrListExtension".
2025-11-18 13:14:56 - MARKDOWN - DEBUG - Successfully loaded extension "markdown.extensions.def_list.DefListExtension".
2025-11-18 13:14:56 - MARKDOWN - DEBUG - Successfully loaded extension "markdown.extensions.footnotes.FootnoteExtension".
2025-11-18 13:14:56 - MARKDOWN - DEBUG - Successfully loaded extension "markdown.extensions.md_in_html.MarkdownInHtmlExtension".
2025-11-18 13:15:11 - MARKDOWN - DEBUG - Successfully loaded extension "markdown.extensions.fenced_code.FencedCodeExtension".
2025-11-18 13:15:11 - MARKDOWN - DEBUG - Successfully loaded extension "markdown.extensions.tables.TableExtension".
2025-11-18 13:15:11 - MARKDOWN - DEBUG - Successfully loaded extension "markdown.extensions.toc.TocExtension".
2025-11-18 13:15:11 - MARKDOWN - DEBUG - Successfully loaded extension "markdown.extensions.codehilite.CodeHiliteExtension".
2025-11-18 13:15:11 - MARKDOWN - DEBUG - Successfully loaded extension "markdown.extensions.nl2br.Nl2BrExtension".
2025-11-18 13:15:11 - MARKDOWN - DEBUG - Successfully loaded extension "markdown.extensions.sane_lists.SaneListExtension".
2025-11-18 13:15:11 - MARKDOWN - DEBUG - Successfully loaded extension "markdown.extensions.attr_list.AttrListExtension".
2025-11-18 13:15:11 - MARKDOWN - DEBUG - Successfully loaded extension "markdown.extensions.def_list.DefListExtension".
2025-11-18 13:15:11 - MARKDOWN - DEBUG - Successfully loaded extension "markdown.extensions.footnotes.FootnoteExtension".
2025-11-18 13:15:11 - MARKDOWN - DEBUG - Successfully loaded extension "markdown.extensions.md_in_html.MarkdownInHtmlExtension".
2025-11-18 13:15:19 - __main__ - INFO - 应用程序退出，退出码: 0
2025-11-18 13:19:26 - __main__ - INFO - ==================================================
2025-11-18 13:19:26 - __main__ - INFO - Markdown Reader 启动
2025-11-18 13:19:26 - __main__ - INFO - 日志文件: f:\Project\MDTool\logs\markdown_reader_20251118.log
2025-11-18 13:19:27 - __main__ - INFO - 应用程序启动成功
2025-11-18 13:19:27 - core.windows_integration - DEBUG - Windows集成初始化失败: 'QWindow' object has no attribute 'isValid'
2025-11-18 13:19:59 - __main__ - CRITICAL - 未捕获的异常
Traceback (most recent call last):
  File "f:\Project\MDTool\core\file_tree.py", line 245, in contextMenuEvent
    mark_type = self.config_manager.get_file_mark(str(file_path))
                ^^^^^^^^^^^^^^^^^^^^^^^^^^^^^^^^^^^^^^^^^^^^^^^^^
  File "f:\Project\MDTool\core\config_manager.py", line 151, in get_file_mark
    return marked_files.get(file_path)
           ^^^^^^^^^^^^^^^^
AttributeError: 'list' object has no attribute 'get'
2025-11-18 13:20:00 - __main__ - CRITICAL - 未捕获的异常
Traceback (most recent call last):
  File "f:\Project\MDTool\core\file_tree.py", line 245, in contextMenuEvent
    mark_type = self.config_manager.get_file_mark(str(file_path))
                ^^^^^^^^^^^^^^^^^^^^^^^^^^^^^^^^^^^^^^^^^^^^^^^^^
  File "f:\Project\MDTool\core\config_manager.py", line 151, in get_file_mark
    return marked_files.get(file_path)
           ^^^^^^^^^^^^^^^^
AttributeError: 'list' object has no attribute 'get'
2025-11-18 13:20:00 - MARKDOWN - DEBUG - Successfully loaded extension "markdown.extensions.fenced_code.FencedCodeExtension".
2025-11-18 13:20:00 - MARKDOWN - DEBUG - Successfully loaded extension "markdown.extensions.tables.TableExtension".
2025-11-18 13:20:00 - MARKDOWN - DEBUG - Successfully loaded extension "markdown.extensions.toc.TocExtension".
2025-11-18 13:20:00 - MARKDOWN - DEBUG - Successfully loaded extension "markdown.extensions.codehilite.CodeHiliteExtension".
2025-11-18 13:20:00 - MARKDOWN - DEBUG - Successfully loaded extension "markdown.extensions.nl2br.Nl2BrExtension".
2025-11-18 13:20:00 - MARKDOWN - DEBUG - Successfully loaded extension "markdown.extensions.sane_lists.SaneListExtension".
2025-11-18 13:20:00 - MARKDOWN - DEBUG - Successfully loaded extension "markdown.extensions.attr_list.AttrListExtension".
2025-11-18 13:20:00 - MARKDOWN - DEBUG - Successfully loaded extension "markdown.extensions.def_list.DefListExtension".
2025-11-18 13:20:00 - MARKDOWN - DEBUG - Successfully loaded extension "markdown.extensions.footnotes.FootnoteExtension".
2025-11-18 13:20:00 - MARKDOWN - DEBUG - Successfully loaded extension "markdown.extensions.md_in_html.MarkdownInHtmlExtension".
2025-11-18 13:20:00 - __main__ - CRITICAL - 未捕获的异常
Traceback (most recent call last):
  File "f:\Project\MDTool\core\file_tree.py", line 245, in contextMenuEvent
    mark_type = self.config_manager.get_file_mark(str(file_path))
                ^^^^^^^^^^^^^^^^^^^^^^^^^^^^^^^^^^^^^^^^^^^^^^^^^
  File "f:\Project\MDTool\core\config_manager.py", line 151, in get_file_mark
    return marked_files.get(file_path)
           ^^^^^^^^^^^^^^^^
AttributeError: 'list' object has no attribute 'get'
2025-11-18 13:20:01 - __main__ - CRITICAL - 未捕获的异常
Traceback (most recent call last):
  File "f:\Project\MDTool\core\file_tree.py", line 245, in contextMenuEvent
    mark_type = self.config_manager.get_file_mark(str(file_path))
                ^^^^^^^^^^^^^^^^^^^^^^^^^^^^^^^^^^^^^^^^^^^^^^^^^
  File "f:\Project\MDTool\core\config_manager.py", line 151, in get_file_mark
    return marked_files.get(file_path)
           ^^^^^^^^^^^^^^^^
AttributeError: 'list' object has no attribute 'get'
2025-11-18 13:20:02 - __main__ - INFO - 应用程序退出，退出码: 0
2025-11-18 13:25:26 - __main__ - INFO - ==================================================
2025-11-18 13:25:26 - __main__ - INFO - Markdown Reader 启动
2025-11-18 13:25:26 - __main__ - INFO - 日志文件: f:\Project\MDTool\logs\markdown_reader_20251118.log
2025-11-18 13:25:27 - __main__ - INFO - 应用程序启动成功
2025-11-18 13:25:27 - core.windows_integration - DEBUG - Windows集成初始化失败: 'QWindow' object has no attribute 'isValid'
2025-11-18 13:25:30 - __main__ - INFO - 应用程序退出，退出码: 0
2025-11-18 13:36:45 - __main__ - INFO - ==================================================
2025-11-18 13:36:45 - __main__ - INFO - Markdown Reader 启动
2025-11-18 13:36:45 - __main__ - INFO - 日志文件: f:\Project\MDTool\logs\markdown_reader_20251118.log
2025-11-18 13:36:46 - __main__ - INFO - 应用程序启动成功
2025-11-18 13:36:46 - core.windows_integration - DEBUG - Windows集成初始化失败: 'QWindow' object has no attribute 'isValid'
2025-11-18 13:36:51 - __main__ - INFO - 应用程序退出，退出码: 0
2025-11-18 13:36:54 - __main__ - INFO - ==================================================
2025-11-18 13:36:54 - __main__ - INFO - Markdown Reader 启动
2025-11-18 13:36:54 - __main__ - INFO - 日志文件: f:\Project\MDTool\logs\markdown_reader_20251118.log
2025-11-18 13:36:55 - __main__ - INFO - 应用程序启动成功
2025-11-18 13:36:55 - core.windows_integration - DEBUG - Windows集成初始化失败: 'QWindow' object has no attribute 'isValid'
2025-11-18 13:36:57 - __main__ - INFO - 应用程序退出，退出码: 0
2025-11-18 13:44:02 - __main__ - INFO - ==================================================
2025-11-18 13:44:02 - __main__ - INFO - Markdown Reader 启动
2025-11-18 13:44:02 - __main__ - INFO - 日志文件: f:\Project\MDTool\logs\markdown_reader_20251118.log
2025-11-18 13:44:02 - __main__ - INFO - 应用程序启动成功
2025-11-18 13:44:03 - core.windows_integration - DEBUG - Windows集成初始化失败: 'QWindow' object has no attribute 'isValid'
2025-11-18 13:46:05 - __main__ - INFO - ==================================================
2025-11-18 13:46:05 - __main__ - INFO - Markdown Reader 启动
2025-11-18 13:46:05 - __main__ - INFO - 日志文件: f:\Project\MDTool\logs\markdown_reader_20251118.log
2025-11-18 13:46:06 - __main__ - INFO - 应用程序启动成功
2025-11-18 13:48:57 - MARKDOWN - DEBUG - Successfully loaded extension "markdown.extensions.fenced_code.FencedCodeExtension".
2025-11-18 13:48:57 - MARKDOWN - DEBUG - Successfully loaded extension "markdown.extensions.tables.TableExtension".
2025-11-18 13:48:57 - MARKDOWN - DEBUG - Successfully loaded extension "markdown.extensions.toc.TocExtension".
2025-11-18 13:48:57 - MARKDOWN - DEBUG - Successfully loaded extension "markdown.extensions.codehilite.CodeHiliteExtension".
2025-11-18 13:48:57 - MARKDOWN - DEBUG - Successfully loaded extension "markdown.extensions.nl2br.Nl2BrExtension".
2025-11-18 13:48:57 - MARKDOWN - DEBUG - Successfully loaded extension "markdown.extensions.sane_lists.SaneListExtension".
2025-11-18 13:48:57 - MARKDOWN - DEBUG - Successfully loaded extension "markdown.extensions.attr_list.AttrListExtension".
2025-11-18 13:48:57 - MARKDOWN - DEBUG - Successfully loaded extension "markdown.extensions.def_list.DefListExtension".
2025-11-18 13:48:57 - MARKDOWN - DEBUG - Successfully loaded extension "markdown.extensions.footnotes.FootnoteExtension".
2025-11-18 13:48:57 - MARKDOWN - DEBUG - Successfully loaded extension "markdown.extensions.md_in_html.MarkdownInHtmlExtension".
2025-11-18 13:49:09 - __main__ - INFO - 应用程序退出，退出码: 0
2025-11-18 13:49:53 - __main__ - INFO - ==================================================
2025-11-18 13:49:53 - __main__ - INFO - Markdown Reader 启动
2025-11-18 13:49:53 - __main__ - INFO - 日志文件: f:\Project\MDTool\logs\markdown_reader_20251118.log
2025-11-18 13:49:54 - __main__ - INFO - 应用程序启动成功
2025-11-18 13:49:57 - MARKDOWN - DEBUG - Successfully loaded extension "markdown.extensions.fenced_code.FencedCodeExtension".
2025-11-18 13:49:57 - MARKDOWN - DEBUG - Successfully loaded extension "markdown.extensions.tables.TableExtension".
2025-11-18 13:49:57 - MARKDOWN - DEBUG - Successfully loaded extension "markdown.extensions.toc.TocExtension".
2025-11-18 13:49:57 - MARKDOWN - DEBUG - Successfully loaded extension "markdown.extensions.codehilite.CodeHiliteExtension".
2025-11-18 13:49:57 - MARKDOWN - DEBUG - Successfully loaded extension "markdown.extensions.nl2br.Nl2BrExtension".
2025-11-18 13:49:57 - MARKDOWN - DEBUG - Successfully loaded extension "markdown.extensions.sane_lists.SaneListExtension".
2025-11-18 13:49:57 - MARKDOWN - DEBUG - Successfully loaded extension "markdown.extensions.attr_list.AttrListExtension".
2025-11-18 13:49:57 - MARKDOWN - DEBUG - Successfully loaded extension "markdown.extensions.def_list.DefListExtension".
2025-11-18 13:49:57 - MARKDOWN - DEBUG - Successfully loaded extension "markdown.extensions.footnotes.FootnoteExtension".
2025-11-18 13:49:57 - MARKDOWN - DEBUG - Successfully loaded extension "markdown.extensions.md_in_html.MarkdownInHtmlExtension".
2025-11-18 13:50:04 - __main__ - INFO - 应用程序退出，退出码: 0
2025-11-18 13:53:20 - __main__ - INFO - ==================================================
2025-11-18 13:53:20 - __main__ - INFO - Markdown Reader 启动
2025-11-18 13:53:20 - __main__ - INFO - 日志文件: f:\Project\MDTool\logs\markdown_reader_20251118.log
2025-11-18 13:53:20 - __main__ - INFO - 应用程序启动成功
2025-11-18 13:53:29 - MARKDOWN - DEBUG - Successfully loaded extension "markdown.extensions.fenced_code.FencedCodeExtension".
2025-11-18 13:53:29 - MARKDOWN - DEBUG - Successfully loaded extension "markdown.extensions.tables.TableExtension".
2025-11-18 13:53:29 - MARKDOWN - DEBUG - Successfully loaded extension "markdown.extensions.toc.TocExtension".
2025-11-18 13:53:29 - MARKDOWN - DEBUG - Successfully loaded extension "markdown.extensions.codehilite.CodeHiliteExtension".
2025-11-18 13:53:29 - MARKDOWN - DEBUG - Successfully loaded extension "markdown.extensions.nl2br.Nl2BrExtension".
2025-11-18 13:53:29 - MARKDOWN - DEBUG - Successfully loaded extension "markdown.extensions.sane_lists.SaneListExtension".
2025-11-18 13:53:29 - MARKDOWN - DEBUG - Successfully loaded extension "markdown.extensions.attr_list.AttrListExtension".
2025-11-18 13:53:29 - MARKDOWN - DEBUG - Successfully loaded extension "markdown.extensions.def_list.DefListExtension".
2025-11-18 13:53:29 - MARKDOWN - DEBUG - Successfully loaded extension "markdown.extensions.footnotes.FootnoteExtension".
2025-11-18 13:53:29 - MARKDOWN - DEBUG - Successfully loaded extension "markdown.extensions.md_in_html.MarkdownInHtmlExtension".
2025-11-18 13:53:47 - __main__ - INFO - 应用程序退出，退出码: 0
2025-11-18 18:26:47 - __main__ - INFO - ==================================================
2025-11-18 18:26:47 - __main__ - INFO - Markdown Reader 启动
2025-11-18 18:26:47 - __main__ - INFO - 日志文件: F:\Project\MDTool\logs\markdown_reader_20251118.log
2025-11-18 18:26:48 - __main__ - INFO - 应用程序启动成功
2025-11-18 18:26:52 - MARKDOWN - DEBUG - Successfully loaded extension "markdown.extensions.fenced_code.FencedCodeExtension".
2025-11-18 18:26:52 - MARKDOWN - DEBUG - Successfully loaded extension "markdown.extensions.tables.TableExtension".
2025-11-18 18:26:52 - MARKDOWN - DEBUG - Successfully loaded extension "markdown.extensions.toc.TocExtension".
2025-11-18 18:26:52 - MARKDOWN - DEBUG - Successfully loaded extension "markdown.extensions.codehilite.CodeHiliteExtension".
2025-11-18 18:26:52 - MARKDOWN - DEBUG - Successfully loaded extension "markdown.extensions.nl2br.Nl2BrExtension".
2025-11-18 18:26:52 - MARKDOWN - DEBUG - Successfully loaded extension "markdown.extensions.sane_lists.SaneListExtension".
2025-11-18 18:26:52 - MARKDOWN - DEBUG - Successfully loaded extension "markdown.extensions.attr_list.AttrListExtension".
2025-11-18 18:26:52 - MARKDOWN - DEBUG - Successfully loaded extension "markdown.extensions.def_list.DefListExtension".
2025-11-18 18:26:52 - MARKDOWN - DEBUG - Successfully loaded extension "markdown.extensions.footnotes.FootnoteExtension".
2025-11-18 18:26:52 - MARKDOWN - DEBUG - Successfully loaded extension "markdown.extensions.md_in_html.MarkdownInHtmlExtension".
2025-11-18 18:26:59 - __main__ - INFO - 应用程序退出，退出码: 0
2025-11-18 18:27:33 - __main__ - INFO - ==================================================
2025-11-18 18:27:33 - __main__ - INFO - Markdown Reader 启动
2025-11-18 18:27:33 - __main__ - INFO - 日志文件: F:\Project\MDTool\logs\markdown_reader_20251118.log
2025-11-18 18:27:33 - __main__ - INFO - 应用程序启动成功
2025-11-18 18:27:35 - MARKDOWN - DEBUG - Successfully loaded extension "markdown.extensions.fenced_code.FencedCodeExtension".
2025-11-18 18:27:35 - MARKDOWN - DEBUG - Successfully loaded extension "markdown.extensions.tables.TableExtension".
2025-11-18 18:27:35 - MARKDOWN - DEBUG - Successfully loaded extension "markdown.extensions.toc.TocExtension".
2025-11-18 18:27:35 - MARKDOWN - DEBUG - Successfully loaded extension "markdown.extensions.codehilite.CodeHiliteExtension".
2025-11-18 18:27:35 - MARKDOWN - DEBUG - Successfully loaded extension "markdown.extensions.nl2br.Nl2BrExtension".
2025-11-18 18:27:35 - MARKDOWN - DEBUG - Successfully loaded extension "markdown.extensions.sane_lists.SaneListExtension".
2025-11-18 18:27:35 - MARKDOWN - DEBUG - Successfully loaded extension "markdown.extensions.attr_list.AttrListExtension".
2025-11-18 18:27:35 - MARKDOWN - DEBUG - Successfully loaded extension "markdown.extensions.def_list.DefListExtension".
2025-11-18 18:27:35 - MARKDOWN - DEBUG - Successfully loaded extension "markdown.extensions.footnotes.FootnoteExtension".
2025-11-18 18:27:35 - MARKDOWN - DEBUG - Successfully loaded extension "markdown.extensions.md_in_html.MarkdownInHtmlExtension".
2025-11-18 18:27:53 - __main__ - INFO - 应用程序退出，退出码: 0
2025-11-18 18:33:35 - __main__ - INFO - ==================================================
2025-11-18 18:33:35 - __main__ - INFO - Markdown Reader 启动
2025-11-18 18:33:35 - __main__ - INFO - 日志文件: F:\Project\MDTool\logs\markdown_reader_20251118.log
2025-11-18 18:33:35 - __main__ - INFO - 应用程序启动成功
2025-11-18 18:33:37 - MARKDOWN - DEBUG - Successfully loaded extension "markdown.extensions.fenced_code.FencedCodeExtension".
2025-11-18 18:33:37 - MARKDOWN - DEBUG - Successfully loaded extension "markdown.extensions.tables.TableExtension".
2025-11-18 18:33:37 - MARKDOWN - DEBUG - Successfully loaded extension "markdown.extensions.toc.TocExtension".
2025-11-18 18:33:37 - MARKDOWN - DEBUG - Successfully loaded extension "markdown.extensions.codehilite.CodeHiliteExtension".
2025-11-18 18:33:37 - MARKDOWN - DEBUG - Successfully loaded extension "markdown.extensions.nl2br.Nl2BrExtension".
2025-11-18 18:33:37 - MARKDOWN - DEBUG - Successfully loaded extension "markdown.extensions.sane_lists.SaneListExtension".
2025-11-18 18:33:37 - MARKDOWN - DEBUG - Successfully loaded extension "markdown.extensions.attr_list.AttrListExtension".
2025-11-18 18:33:37 - MARKDOWN - DEBUG - Successfully loaded extension "markdown.extensions.def_list.DefListExtension".
2025-11-18 18:33:37 - MARKDOWN - DEBUG - Successfully loaded extension "markdown.extensions.footnotes.FootnoteExtension".
2025-11-18 18:33:37 - MARKDOWN - DEBUG - Successfully loaded extension "markdown.extensions.md_in_html.MarkdownInHtmlExtension".
2025-11-18 18:33:52 - MARKDOWN - DEBUG - Successfully loaded extension "markdown.extensions.fenced_code.FencedCodeExtension".
2025-11-18 18:33:52 - MARKDOWN - DEBUG - Successfully loaded extension "markdown.extensions.tables.TableExtension".
2025-11-18 18:33:52 - MARKDOWN - DEBUG - Successfully loaded extension "markdown.extensions.toc.TocExtension".
2025-11-18 18:33:52 - MARKDOWN - DEBUG - Successfully loaded extension "markdown.extensions.codehilite.CodeHiliteExtension".
2025-11-18 18:33:52 - MARKDOWN - DEBUG - Successfully loaded extension "markdown.extensions.nl2br.Nl2BrExtension".
2025-11-18 18:33:52 - MARKDOWN - DEBUG - Successfully loaded extension "markdown.extensions.sane_lists.SaneListExtension".
2025-11-18 18:33:52 - MARKDOWN - DEBUG - Successfully loaded extension "markdown.extensions.attr_list.AttrListExtension".
2025-11-18 18:33:52 - MARKDOWN - DEBUG - Successfully loaded extension "markdown.extensions.def_list.DefListExtension".
2025-11-18 18:33:52 - MARKDOWN - DEBUG - Successfully loaded extension "markdown.extensions.footnotes.FootnoteExtension".
2025-11-18 18:33:52 - MARKDOWN - DEBUG - Successfully loaded extension "markdown.extensions.md_in_html.MarkdownInHtmlExtension".
2025-11-18 18:33:59 - __main__ - INFO - 应用程序退出，退出码: 0
2025-11-18 18:36:12 - __main__ - INFO - ==================================================
2025-11-18 18:36:12 - __main__ - INFO - Markdown Reader 启动
2025-11-18 18:36:12 - __main__ - INFO - 日志文件: F:\Project\MDTool\logs\markdown_reader_20251118.log
2025-11-18 18:36:13 - __main__ - INFO - 应用程序启动成功
2025-11-18 18:36:15 - MARKDOWN - DEBUG - Successfully loaded extension "markdown.extensions.fenced_code.FencedCodeExtension".
2025-11-18 18:36:15 - MARKDOWN - DEBUG - Successfully loaded extension "markdown.extensions.tables.TableExtension".
2025-11-18 18:36:15 - MARKDOWN - DEBUG - Successfully loaded extension "markdown.extensions.toc.TocExtension".
2025-11-18 18:36:15 - MARKDOWN - DEBUG - Successfully loaded extension "markdown.extensions.codehilite.CodeHiliteExtension".
2025-11-18 18:36:15 - MARKDOWN - DEBUG - Successfully loaded extension "markdown.extensions.nl2br.Nl2BrExtension".
2025-11-18 18:36:15 - MARKDOWN - DEBUG - Successfully loaded extension "markdown.extensions.sane_lists.SaneListExtension".
2025-11-18 18:36:15 - MARKDOWN - DEBUG - Successfully loaded extension "markdown.extensions.attr_list.AttrListExtension".
2025-11-18 18:36:15 - MARKDOWN - DEBUG - Successfully loaded extension "markdown.extensions.def_list.DefListExtension".
2025-11-18 18:36:15 - MARKDOWN - DEBUG - Successfully loaded extension "markdown.extensions.footnotes.FootnoteExtension".
2025-11-18 18:36:15 - MARKDOWN - DEBUG - Successfully loaded extension "markdown.extensions.md_in_html.MarkdownInHtmlExtension".
2025-11-18 18:36:25 - MARKDOWN - DEBUG - Successfully loaded extension "markdown.extensions.fenced_code.FencedCodeExtension".
2025-11-18 18:36:25 - MARKDOWN - DEBUG - Successfully loaded extension "markdown.extensions.tables.TableExtension".
2025-11-18 18:36:25 - MARKDOWN - DEBUG - Successfully loaded extension "markdown.extensions.toc.TocExtension".
2025-11-18 18:36:25 - MARKDOWN - DEBUG - Successfully loaded extension "markdown.extensions.codehilite.CodeHiliteExtension".
2025-11-18 18:36:25 - MARKDOWN - DEBUG - Successfully loaded extension "markdown.extensions.nl2br.Nl2BrExtension".
2025-11-18 18:36:25 - MARKDOWN - DEBUG - Successfully loaded extension "markdown.extensions.sane_lists.SaneListExtension".
2025-11-18 18:36:25 - MARKDOWN - DEBUG - Successfully loaded extension "markdown.extensions.attr_list.AttrListExtension".
2025-11-18 18:36:25 - MARKDOWN - DEBUG - Successfully loaded extension "markdown.extensions.def_list.DefListExtension".
2025-11-18 18:36:25 - MARKDOWN - DEBUG - Successfully loaded extension "markdown.extensions.footnotes.FootnoteExtension".
2025-11-18 18:36:25 - MARKDOWN - DEBUG - Successfully loaded extension "markdown.extensions.md_in_html.MarkdownInHtmlExtension".
2025-11-18 18:36:34 - MARKDOWN - DEBUG - Successfully loaded extension "markdown.extensions.fenced_code.FencedCodeExtension".
2025-11-18 18:36:34 - MARKDOWN - DEBUG - Successfully loaded extension "markdown.extensions.tables.TableExtension".
2025-11-18 18:36:34 - MARKDOWN - DEBUG - Successfully loaded extension "markdown.extensions.toc.TocExtension".
2025-11-18 18:36:34 - MARKDOWN - DEBUG - Successfully loaded extension "markdown.extensions.codehilite.CodeHiliteExtension".
2025-11-18 18:36:34 - MARKDOWN - DEBUG - Successfully loaded extension "markdown.extensions.nl2br.Nl2BrExtension".
2025-11-18 18:36:34 - MARKDOWN - DEBUG - Successfully loaded extension "markdown.extensions.sane_lists.SaneListExtension".
2025-11-18 18:36:34 - MARKDOWN - DEBUG - Successfully loaded extension "markdown.extensions.attr_list.AttrListExtension".
2025-11-18 18:36:34 - MARKDOWN - DEBUG - Successfully loaded extension "markdown.extensions.def_list.DefListExtension".
2025-11-18 18:36:34 - MARKDOWN - DEBUG - Successfully loaded extension "markdown.extensions.footnotes.FootnoteExtension".
2025-11-18 18:36:34 - MARKDOWN - DEBUG - Successfully loaded extension "markdown.extensions.md_in_html.MarkdownInHtmlExtension".
2025-11-18 18:36:37 - __main__ - INFO - 应用程序退出，退出码: 0
2025-11-18 18:38:23 - __main__ - INFO - ==================================================
2025-11-18 18:38:23 - __main__ - INFO - Markdown Reader 启动
2025-11-18 18:38:23 - __main__ - INFO - 日志文件: F:\Project\MDTool\logs\markdown_reader_20251118.log
2025-11-18 18:38:23 - __main__ - INFO - 应用程序启动成功
2025-11-18 18:38:25 - MARKDOWN - DEBUG - Successfully loaded extension "markdown.extensions.fenced_code.FencedCodeExtension".
2025-11-18 18:38:25 - MARKDOWN - DEBUG - Successfully loaded extension "markdown.extensions.tables.TableExtension".
2025-11-18 18:38:25 - MARKDOWN - DEBUG - Successfully loaded extension "markdown.extensions.toc.TocExtension".
2025-11-18 18:38:25 - MARKDOWN - DEBUG - Successfully loaded extension "markdown.extensions.codehilite.CodeHiliteExtension".
2025-11-18 18:38:25 - MARKDOWN - DEBUG - Successfully loaded extension "markdown.extensions.nl2br.Nl2BrExtension".
2025-11-18 18:38:25 - MARKDOWN - DEBUG - Successfully loaded extension "markdown.extensions.sane_lists.SaneListExtension".
2025-11-18 18:38:25 - MARKDOWN - DEBUG - Successfully loaded extension "markdown.extensions.attr_list.AttrListExtension".
2025-11-18 18:38:25 - MARKDOWN - DEBUG - Successfully loaded extension "markdown.extensions.def_list.DefListExtension".
2025-11-18 18:38:25 - MARKDOWN - DEBUG - Successfully loaded extension "markdown.extensions.footnotes.FootnoteExtension".
2025-11-18 18:38:25 - MARKDOWN - DEBUG - Successfully loaded extension "markdown.extensions.md_in_html.MarkdownInHtmlExtension".
2025-11-18 18:38:34 - MARKDOWN - DEBUG - Successfully loaded extension "markdown.extensions.fenced_code.FencedCodeExtension".
2025-11-18 18:38:34 - MARKDOWN - DEBUG - Successfully loaded extension "markdown.extensions.tables.TableExtension".
2025-11-18 18:38:34 - MARKDOWN - DEBUG - Successfully loaded extension "markdown.extensions.toc.TocExtension".
2025-11-18 18:38:34 - MARKDOWN - DEBUG - Successfully loaded extension "markdown.extensions.codehilite.CodeHiliteExtension".
2025-11-18 18:38:34 - MARKDOWN - DEBUG - Successfully loaded extension "markdown.extensions.nl2br.Nl2BrExtension".
2025-11-18 18:38:34 - MARKDOWN - DEBUG - Successfully loaded extension "markdown.extensions.sane_lists.SaneListExtension".
2025-11-18 18:38:34 - MARKDOWN - DEBUG - Successfully loaded extension "markdown.extensions.attr_list.AttrListExtension".
2025-11-18 18:38:34 - MARKDOWN - DEBUG - Successfully loaded extension "markdown.extensions.def_list.DefListExtension".
2025-11-18 18:38:34 - MARKDOWN - DEBUG - Successfully loaded extension "markdown.extensions.footnotes.FootnoteExtension".
2025-11-18 18:38:34 - MARKDOWN - DEBUG - Successfully loaded extension "markdown.extensions.md_in_html.MarkdownInHtmlExtension".
2025-11-18 18:38:50 - MARKDOWN - DEBUG - Successfully loaded extension "markdown.extensions.fenced_code.FencedCodeExtension".
2025-11-18 18:38:50 - MARKDOWN - DEBUG - Successfully loaded extension "markdown.extensions.tables.TableExtension".
2025-11-18 18:38:50 - MARKDOWN - DEBUG - Successfully loaded extension "markdown.extensions.toc.TocExtension".
2025-11-18 18:38:50 - MARKDOWN - DEBUG - Successfully loaded extension "markdown.extensions.codehilite.CodeHiliteExtension".
2025-11-18 18:38:50 - MARKDOWN - DEBUG - Successfully loaded extension "markdown.extensions.nl2br.Nl2BrExtension".
2025-11-18 18:38:50 - MARKDOWN - DEBUG - Successfully loaded extension "markdown.extensions.sane_lists.SaneListExtension".
2025-11-18 18:38:50 - MARKDOWN - DEBUG - Successfully loaded extension "markdown.extensions.attr_list.AttrListExtension".
2025-11-18 18:38:50 - MARKDOWN - DEBUG - Successfully loaded extension "markdown.extensions.def_list.DefListExtension".
2025-11-18 18:38:50 - MARKDOWN - DEBUG - Successfully loaded extension "markdown.extensions.footnotes.FootnoteExtension".
2025-11-18 18:38:50 - MARKDOWN - DEBUG - Successfully loaded extension "markdown.extensions.md_in_html.MarkdownInHtmlExtension".
2025-11-18 18:38:53 - MARKDOWN - DEBUG - Successfully loaded extension "markdown.extensions.fenced_code.FencedCodeExtension".
2025-11-18 18:38:53 - MARKDOWN - DEBUG - Successfully loaded extension "markdown.extensions.tables.TableExtension".
2025-11-18 18:38:53 - MARKDOWN - DEBUG - Successfully loaded extension "markdown.extensions.toc.TocExtension".
2025-11-18 18:38:53 - MARKDOWN - DEBUG - Successfully loaded extension "markdown.extensions.codehilite.CodeHiliteExtension".
2025-11-18 18:38:53 - MARKDOWN - DEBUG - Successfully loaded extension "markdown.extensions.nl2br.Nl2BrExtension".
2025-11-18 18:38:53 - MARKDOWN - DEBUG - Successfully loaded extension "markdown.extensions.sane_lists.SaneListExtension".
2025-11-18 18:38:53 - MARKDOWN - DEBUG - Successfully loaded extension "markdown.extensions.attr_list.AttrListExtension".
2025-11-18 18:38:53 - MARKDOWN - DEBUG - Successfully loaded extension "markdown.extensions.def_list.DefListExtension".
2025-11-18 18:38:53 - MARKDOWN - DEBUG - Successfully loaded extension "markdown.extensions.footnotes.FootnoteExtension".
2025-11-18 18:38:53 - MARKDOWN - DEBUG - Successfully loaded extension "markdown.extensions.md_in_html.MarkdownInHtmlExtension".
2025-11-18 18:38:55 - MARKDOWN - DEBUG - Successfully loaded extension "markdown.extensions.fenced_code.FencedCodeExtension".
2025-11-18 18:38:55 - MARKDOWN - DEBUG - Successfully loaded extension "markdown.extensions.tables.TableExtension".
2025-11-18 18:38:55 - MARKDOWN - DEBUG - Successfully loaded extension "markdown.extensions.toc.TocExtension".
2025-11-18 18:38:55 - MARKDOWN - DEBUG - Successfully loaded extension "markdown.extensions.codehilite.CodeHiliteExtension".
2025-11-18 18:38:55 - MARKDOWN - DEBUG - Successfully loaded extension "markdown.extensions.nl2br.Nl2BrExtension".
2025-11-18 18:38:55 - MARKDOWN - DEBUG - Successfully loaded extension "markdown.extensions.sane_lists.SaneListExtension".
2025-11-18 18:38:55 - MARKDOWN - DEBUG - Successfully loaded extension "markdown.extensions.attr_list.AttrListExtension".
2025-11-18 18:38:55 - MARKDOWN - DEBUG - Successfully loaded extension "markdown.extensions.def_list.DefListExtension".
2025-11-18 18:38:55 - MARKDOWN - DEBUG - Successfully loaded extension "markdown.extensions.footnotes.FootnoteExtension".
2025-11-18 18:38:55 - MARKDOWN - DEBUG - Successfully loaded extension "markdown.extensions.md_in_html.MarkdownInHtmlExtension".
2025-11-18 18:39:11 - __main__ - INFO - 应用程序退出，退出码: 0
2025-11-18 18:46:06 - __main__ - INFO - ==================================================
2025-11-18 18:46:06 - __main__ - INFO - Markdown Reader 启动
2025-11-18 18:46:06 - __main__ - INFO - 日志文件: F:\Project\MDTool\logs\markdown_reader_20251118.log
2025-11-18 18:46:06 - __main__ - INFO - 应用程序启动成功
2025-11-18 18:46:08 - MARKDOWN - DEBUG - Successfully loaded extension "markdown.extensions.fenced_code.FencedCodeExtension".
2025-11-18 18:46:08 - MARKDOWN - DEBUG - Successfully loaded extension "markdown.extensions.tables.TableExtension".
2025-11-18 18:46:08 - MARKDOWN - DEBUG - Successfully loaded extension "markdown.extensions.toc.TocExtension".
2025-11-18 18:46:08 - MARKDOWN - DEBUG - Successfully loaded extension "markdown.extensions.codehilite.CodeHiliteExtension".
2025-11-18 18:46:08 - MARKDOWN - DEBUG - Successfully loaded extension "markdown.extensions.nl2br.Nl2BrExtension".
2025-11-18 18:46:08 - MARKDOWN - DEBUG - Successfully loaded extension "markdown.extensions.sane_lists.SaneListExtension".
2025-11-18 18:46:08 - MARKDOWN - DEBUG - Successfully loaded extension "markdown.extensions.attr_list.AttrListExtension".
2025-11-18 18:46:08 - MARKDOWN - DEBUG - Successfully loaded extension "markdown.extensions.def_list.DefListExtension".
2025-11-18 18:46:08 - MARKDOWN - DEBUG - Successfully loaded extension "markdown.extensions.footnotes.FootnoteExtension".
2025-11-18 18:46:08 - MARKDOWN - DEBUG - Successfully loaded extension "markdown.extensions.md_in_html.MarkdownInHtmlExtension".
2025-11-18 18:46:09 - MARKDOWN - DEBUG - Successfully loaded extension "markdown.extensions.fenced_code.FencedCodeExtension".
2025-11-18 18:46:09 - MARKDOWN - DEBUG - Successfully loaded extension "markdown.extensions.tables.TableExtension".
2025-11-18 18:46:09 - MARKDOWN - DEBUG - Successfully loaded extension "markdown.extensions.toc.TocExtension".
2025-11-18 18:46:09 - MARKDOWN - DEBUG - Successfully loaded extension "markdown.extensions.codehilite.CodeHiliteExtension".
2025-11-18 18:46:09 - MARKDOWN - DEBUG - Successfully loaded extension "markdown.extensions.nl2br.Nl2BrExtension".
2025-11-18 18:46:09 - MARKDOWN - DEBUG - Successfully loaded extension "markdown.extensions.sane_lists.SaneListExtension".
2025-11-18 18:46:09 - MARKDOWN - DEBUG - Successfully loaded extension "markdown.extensions.attr_list.AttrListExtension".
2025-11-18 18:46:09 - MARKDOWN - DEBUG - Successfully loaded extension "markdown.extensions.def_list.DefListExtension".
2025-11-18 18:46:09 - MARKDOWN - DEBUG - Successfully loaded extension "markdown.extensions.footnotes.FootnoteExtension".
2025-11-18 18:46:09 - MARKDOWN - DEBUG - Successfully loaded extension "markdown.extensions.md_in_html.MarkdownInHtmlExtension".
2025-11-18 18:46:10 - MARKDOWN - DEBUG - Successfully loaded extension "markdown.extensions.fenced_code.FencedCodeExtension".
2025-11-18 18:46:10 - MARKDOWN - DEBUG - Successfully loaded extension "markdown.extensions.tables.TableExtension".
2025-11-18 18:46:10 - MARKDOWN - DEBUG - Successfully loaded extension "markdown.extensions.toc.TocExtension".
2025-11-18 18:46:10 - MARKDOWN - DEBUG - Successfully loaded extension "markdown.extensions.codehilite.CodeHiliteExtension".
2025-11-18 18:46:10 - MARKDOWN - DEBUG - Successfully loaded extension "markdown.extensions.nl2br.Nl2BrExtension".
2025-11-18 18:46:10 - MARKDOWN - DEBUG - Successfully loaded extension "markdown.extensions.sane_lists.SaneListExtension".
2025-11-18 18:46:10 - MARKDOWN - DEBUG - Successfully loaded extension "markdown.extensions.attr_list.AttrListExtension".
2025-11-18 18:46:10 - MARKDOWN - DEBUG - Successfully loaded extension "markdown.extensions.def_list.DefListExtension".
2025-11-18 18:46:10 - MARKDOWN - DEBUG - Successfully loaded extension "markdown.extensions.footnotes.FootnoteExtension".
2025-11-18 18:46:10 - MARKDOWN - DEBUG - Successfully loaded extension "markdown.extensions.md_in_html.MarkdownInHtmlExtension".
2025-11-18 18:46:18 - __main__ - INFO - 应用程序退出，退出码: 0
2025-11-18 18:48:38 - __main__ - INFO - ==================================================
2025-11-18 18:48:38 - __main__ - INFO - Markdown Reader 启动
2025-11-18 18:48:38 - __main__ - INFO - 日志文件: F:\Project\MDTool\logs\markdown_reader_20251118.log
2025-11-18 18:48:39 - __main__ - INFO - 应用程序启动成功
2025-11-18 18:48:51 - __main__ - INFO - 应用程序退出，退出码: 0
2025-11-18 18:55:33 - __main__ - INFO - ==================================================
2025-11-18 18:55:33 - __main__ - INFO - Markdown Reader 启动
2025-11-18 18:55:33 - __main__ - INFO - 日志文件: F:\Project\MDTool\logs\markdown_reader_20251118.log
2025-11-18 18:55:34 - __main__ - INFO - 应用程序启动成功
2025-11-18 18:55:39 - __main__ - INFO - 应用程序退出，退出码: 0
2025-11-18 20:22:01 - __main__ - INFO - ==================================================
2025-11-18 20:22:01 - __main__ - INFO - Markdown Reader 启动
2025-11-18 20:22:01 - __main__ - INFO - 日志文件: F:\Project\MDTool\logs\markdown_reader_20251118.log
2025-11-18 20:22:01 - __main__ - INFO - 启动阶段: 日志系统初始化耗时 1.1 ms
2025-11-18 20:22:01 - __main__ - INFO - 启动阶段: QApplication 创建耗时 145.0 ms
2025-11-18 20:22:01 - __main__ - INFO - 启动阶段: 配置加载耗时 1.3 ms
2025-11-18 20:22:01 - core.main_window - DEBUG - 启动诊断: FileTree 初始化耗时 458.1 ms
2025-11-18 20:22:01 - core.main_window - DEBUG - 启动诊断: 样式表加载耗时 3.3 ms
2025-11-18 20:22:01 - core.main_window - DEBUG - 启动诊断: _init_ui 总耗时 467.7 ms
2025-11-18 20:22:01 - core.main_window - DEBUG - 启动诊断: 主窗口UI初始化耗时 467.9 ms
2025-11-18 20:22:01 - core.main_window - DEBUG - 启动诊断: 主题应用耗时 1.8 ms
2025-11-18 20:22:01 - __main__ - INFO - 启动阶段: 主窗口初始化耗时 470.4 ms
2025-11-18 20:22:01 - __main__ - INFO - 应用程序启动成功，总耗时 688.2 ms
2025-11-18 20:22:01 - core.main_window - DEBUG - 启动诊断: QWebEngineView 延迟初始化耗时 62.2 ms
2025-11-18 20:22:02 - core.main_window - DEBUG - 启动诊断: WindowsIntegration 延迟初始化耗时 0.0 ms
2025-11-18 20:22:04 - core.main_window - DEBUG - 启动诊断: MarkdownRenderer 延迟初始化耗时 0.0 ms
2025-11-18 20:22:04 - MARKDOWN - DEBUG - Successfully loaded extension "markdown.extensions.fenced_code.FencedCodeExtension".
2025-11-18 20:22:04 - MARKDOWN - DEBUG - Successfully loaded extension "markdown.extensions.tables.TableExtension".
2025-11-18 20:22:04 - MARKDOWN - DEBUG - Successfully loaded extension "markdown.extensions.toc.TocExtension".
2025-11-18 20:22:04 - MARKDOWN - DEBUG - Successfully loaded extension "markdown.extensions.nl2br.Nl2BrExtension".
2025-11-18 20:22:04 - MARKDOWN - DEBUG - Successfully loaded extension "markdown.extensions.sane_lists.SaneListExtension".
2025-11-18 20:22:04 - MARKDOWN - DEBUG - Successfully loaded extension "markdown.extensions.attr_list.AttrListExtension".
2025-11-18 20:22:04 - MARKDOWN - DEBUG - Successfully loaded extension "markdown.extensions.def_list.DefListExtension".
2025-11-18 20:22:04 - MARKDOWN - DEBUG - Successfully loaded extension "markdown.extensions.footnotes.FootnoteExtension".
2025-11-18 20:22:04 - MARKDOWN - DEBUG - Successfully loaded extension "markdown.extensions.md_in_html.MarkdownInHtmlExtension".
2025-11-18 20:22:09 - MARKDOWN - DEBUG - Successfully loaded extension "markdown.extensions.fenced_code.FencedCodeExtension".
2025-11-18 20:22:09 - MARKDOWN - DEBUG - Successfully loaded extension "markdown.extensions.tables.TableExtension".
2025-11-18 20:22:09 - MARKDOWN - DEBUG - Successfully loaded extension "markdown.extensions.toc.TocExtension".
2025-11-18 20:22:09 - MARKDOWN - DEBUG - Successfully loaded extension "markdown.extensions.nl2br.Nl2BrExtension".
2025-11-18 20:22:09 - MARKDOWN - DEBUG - Successfully loaded extension "markdown.extensions.sane_lists.SaneListExtension".
2025-11-18 20:22:09 - MARKDOWN - DEBUG - Successfully loaded extension "markdown.extensions.attr_list.AttrListExtension".
2025-11-18 20:22:09 - MARKDOWN - DEBUG - Successfully loaded extension "markdown.extensions.def_list.DefListExtension".
2025-11-18 20:22:09 - MARKDOWN - DEBUG - Successfully loaded extension "markdown.extensions.footnotes.FootnoteExtension".
2025-11-18 20:22:09 - MARKDOWN - DEBUG - Successfully loaded extension "markdown.extensions.md_in_html.MarkdownInHtmlExtension".
2025-11-18 20:22:10 - MARKDOWN - DEBUG - Successfully loaded extension "markdown.extensions.fenced_code.FencedCodeExtension".
2025-11-18 20:22:10 - MARKDOWN - DEBUG - Successfully loaded extension "markdown.extensions.tables.TableExtension".
2025-11-18 20:22:10 - MARKDOWN - DEBUG - Successfully loaded extension "markdown.extensions.toc.TocExtension".
2025-11-18 20:22:10 - MARKDOWN - DEBUG - Successfully loaded extension "markdown.extensions.nl2br.Nl2BrExtension".
2025-11-18 20:22:10 - MARKDOWN - DEBUG - Successfully loaded extension "markdown.extensions.sane_lists.SaneListExtension".
2025-11-18 20:22:10 - MARKDOWN - DEBUG - Successfully loaded extension "markdown.extensions.attr_list.AttrListExtension".
2025-11-18 20:22:10 - MARKDOWN - DEBUG - Successfully loaded extension "markdown.extensions.def_list.DefListExtension".
2025-11-18 20:22:10 - MARKDOWN - DEBUG - Successfully loaded extension "markdown.extensions.footnotes.FootnoteExtension".
2025-11-18 20:22:10 - MARKDOWN - DEBUG - Successfully loaded extension "markdown.extensions.md_in_html.MarkdownInHtmlExtension".
2025-11-18 20:22:13 - __main__ - INFO - 应用程序退出，退出码: 0
